\BOOKMARK [1][-]{section.1}{Introduction}{}% 1
\BOOKMARK [1][-]{section.2}{Sp\351cifications}{}% 2
\BOOKMARK [2][-]{subsection.2.1}{Classement des cas d'utilisation}{section.2}% 3
\BOOKMARK [2][-]{subsection.2.2}{Mod\350le du Domaine}{section.2}% 4
\BOOKMARK [2][-]{subsection.2.3}{Diagramme de navigation}{section.2}% 5
\BOOKMARK [2][-]{subsection.2.4}{Identification des acteurs}{section.2}% 6
\BOOKMARK [2][-]{subsection.2.5}{Diagrammes de Cas d'Utilisation}{section.2}% 7
\BOOKMARK [1][-]{section.3}{Conception Pr\351liminaire}{}% 8
\BOOKMARK [2][-]{subsection.3.1}{Diagramme de classes de conception pr\351liminaire}{section.3}% 9
\BOOKMARK [2][-]{subsection.3.2}{Diagrammes de s\351quence}{section.3}% 10
\BOOKMARK [3][-]{subsubsection.3.2.1}{Cr\351ation d'un compte}{subsection.3.2}% 11
\BOOKMARK [3][-]{subsubsection.3.2.2}{Gestion d'un compte}{subsection.3.2}% 12
\BOOKMARK [3][-]{subsubsection.3.2.3}{Type de connexion}{subsection.3.2}% 13
\BOOKMARK [3][-]{subsubsection.3.2.4}{Recherche rapide ou avanc\351e d'un objet}{subsection.3.2}% 14
\BOOKMARK [3][-]{subsubsection.3.2.5}{Consultation d'un objet}{subsection.3.2}% 15
\BOOKMARK [3][-]{subsubsection.3.2.6}{Mise en vente}{subsection.3.2}% 16
\BOOKMARK [3][-]{subsubsection.3.2.7}{Panier}{subsection.3.2}% 17
\BOOKMARK [3][-]{subsubsection.3.2.8}{Paiement}{subsection.3.2}% 18
\BOOKMARK [3][-]{subsubsection.3.2.9}{Vote}{subsection.3.2}% 19
\BOOKMARK [3][-]{subsubsection.3.2.10}{Messagerie}{subsection.3.2}% 20
\BOOKMARK [1][-]{section.4}{Conception D\351taill\351e}{}% 21
\BOOKMARK [2][-]{subsection.4.1}{Diagramme de classes}{section.4}% 22
\BOOKMARK [2][-]{subsection.4.2}{Diagramme de classes Struts}{section.4}% 23
\BOOKMARK [2][-]{subsection.4.3}{Diagramme MVC}{section.4}% 24
\BOOKMARK [1][-]{section.5}{Impl\351mentation et tests}{}% 25
\BOOKMARK [2][-]{subsection.5.1}{Impl\351mentation}{section.5}% 26
\BOOKMARK [2][-]{subsection.5.2}{Tests}{section.5}% 27
\BOOKMARK [1][-]{section.6}{Conclusion et perspectives}{}% 28
\BOOKMARK [1][-]{section.7}{Bibliographie}{}% 29
\BOOKMARK [1][-]{section.8}{Annexes}{}% 30
\BOOKMARK [2][-]{subsection.8.1}{Maquette}{section.8}% 31
\BOOKMARK [3][-]{subsubsection.8.1.1}{Page d'accueil}{subsection.8.1}% 32
\BOOKMARK [3][-]{subsubsection.8.1.2}{Page de cr\351ation d'un compte}{subsection.8.1}% 33
\BOOKMARK [3][-]{subsubsection.8.1.3}{Page de connexion}{subsection.8.1}% 34
\BOOKMARK [3][-]{subsubsection.8.1.4}{Page de gestion du compte}{subsection.8.1}% 35
\BOOKMARK [3][-]{subsubsection.8.1.5}{Page de pr\351sentation d'un objet}{subsection.8.1}% 36
\BOOKMARK [3][-]{subsubsection.8.1.6}{Page de recherche}{subsection.8.1}% 37
\BOOKMARK [3][-]{subsubsection.8.1.7}{Page du panier}{subsection.8.1}% 38
\BOOKMARK [3][-]{subsubsection.8.1.8}{Page de mise en vente}{subsection.8.1}% 39
